<?xml version="1.0" encoding="UTF-8"?>
<testng-results skipped="0" failed="0" ignored="0" total="2" passed="2">
  <reporter-output>
  </reporter-output>
  <suite name="FirstProject" duration-ms="13369" started-at="2022-09-19T14:32:59 EEST" finished-at="2022-09-19T14:33:12 EEST">
    <groups>
    </groups>
    <test name="DropDown" duration-ms="5850" started-at="2022-09-19T14:32:59 EEST" finished-at="2022-09-19T14:33:05 EEST">
      <class name="dropdown.DropdownTests">
        <test-method status="PASS" signature="setUp()[pri:0, instance:dropdown.DropdownTests@52f759d7]" name="setUp" is-config="true" duration-ms="4679" started-at="2022-09-19T14:32:59 EEST" finished-at="2022-09-19T14:33:03 EEST">
          <reporter-output>
          </reporter-output>
        </test-method> <!-- setUp -->
        <test-method status="PASS" signature="testSelectOption()[pri:0, instance:dropdown.DropdownTests@52f759d7]" name="testSelectOption" duration-ms="467" started-at="2022-09-19T14:33:03 EEST" finished-at="2022-09-19T14:33:04 EEST">
          <reporter-output>
          </reporter-output>
        </test-method> <!-- testSelectOption -->
        <test-method status="PASS" signature="tearDown()[pri:0, instance:dropdown.DropdownTests@52f759d7]" name="tearDown" is-config="true" duration-ms="664" started-at="2022-09-19T14:33:04 EEST" finished-at="2022-09-19T14:33:05 EEST">
          <reporter-output>
          </reporter-output>
        </test-method> <!-- tearDown -->
      </class> <!-- dropdown.DropdownTests -->
    </test> <!-- DropDown -->
    <test name="ForgotPage" duration-ms="7493" started-at="2022-09-19T14:33:05 EEST" finished-at="2022-09-19T14:33:12 EEST">
      <class name="forgot.ForgotPageTests">
        <test-method status="PASS" signature="setUp()[pri:0, instance:forgot.ForgotPageTests@544a2ea6]" name="setUp" is-config="true" duration-ms="5917" started-at="2022-09-19T14:33:05 EEST" finished-at="2022-09-19T14:33:10 EEST">
          <reporter-output>
          </reporter-output>
        </test-method> <!-- setUp -->
        <test-method status="PASS" signature="testSuccessfulForgotPassword()[pri:0, instance:forgot.ForgotPageTests@544a2ea6]" name="testSuccessfulForgotPassword" duration-ms="894" started-at="2022-09-19T14:33:10 EEST" finished-at="2022-09-19T14:33:11 EEST">
          <reporter-output>
          </reporter-output>
        </test-method> <!-- testSuccessfulForgotPassword -->
        <test-method status="PASS" signature="tearDown()[pri:0, instance:forgot.ForgotPageTests@544a2ea6]" name="tearDown" is-config="true" duration-ms="681" started-at="2022-09-19T14:33:11 EEST" finished-at="2022-09-19T14:33:12 EEST">
          <reporter-output>
          </reporter-output>
        </test-method> <!-- tearDown -->
      </class> <!-- forgot.ForgotPageTests -->
    </test> <!-- ForgotPage -->
  </suite> <!-- FirstProject -->
</testng-results>
